min_dist,n_neighbors,valid_best_loss,valid_best_auc,train_best_auc,best_epoch,test_auc
0,10,0.5943913981318474,0.8757458757458757,0.9978385811211382,128,0.8984313725490195
0.05,10,0.5239947471792334,0.8641628641628641,0.9936968908504051,82,0.8905882352941177
0.1,10,0.5176069460661206,0.8611793611793612,0.9874198559603012,70,0.8892156862745098
0.15,10,0.577684367556643,0.8595121095121095,0.9682744878466505,45,0.8913725490196078
0.2,10,0.46846291264950835,0.871007371007371,0.9839876600136135,61,0.8919607843137254
0.25,10,0.4931355587990079,0.8754826254826255,0.9791927409261577,51,0.8937254901960785
0.3,10,0.5260200717591292,0.8589856089856089,0.9718000021957272,45,0.8917647058823529
0.35,10,0.48453585472920085,0.8766233766233766,0.9784914805787936,51,0.8952941176470588
0.4,10,0.49116852869655914,0.8683748683748683,0.9790225720747426,51,0.883921568627451
0.45,10,0.6205595551268351,0.8713583713583714,0.9798102891772611,54,0.8876470588235295
0.5,10,0.5156089805609343,0.8667953667953667,0.9726769207122938,45,0.8809803921568626
0.55,10,0.5918921594390806,0.8696033696033696,0.989938080495356,68,0.8807843137254903
0.6,10,0.5181878520459529,0.8711828711828712,0.9939274421974837,92,0.8917647058823529
0.65,10,0.5713983546967143,0.8565286065286065,0.9685215071470917,45,0.8892156862745098
0.7,10,0.5086659843854556,0.8710073710073709,0.9791268691127066,51,0.8978431372549018
0.75,10,0.5690999695204741,0.8666198666198666,0.992481006960455,78,0.9013725490196077
0.8,10,0.553323061014248,0.871884871884872,0.9937421777221527,76,0.8870588235294118
0.85,10,0.5835460898225868,0.8733766233766234,0.9931959906022879,80,0.8827450980392156
0.9,10,0.6102082716264078,0.8647771147771147,0.9825027995520716,54,0.8784313725490196
0.95,10,0.503441203804995,0.8664443664443664,0.9733040752695256,51,0.900392156862745
0,15,0.5184949788924874,0.8583713583713584,0.9715941527786925,51,0.8919607843137255
0.05,15,0.5765852775449389,0.8675851175851176,0.9920706804558329,85,0.8917647058823529
0.1,15,0.5210169497013881,0.8662688662688662,0.9699528467602047,45,0.8933333333333334
0.15,15,0.5926647417197953,0.8717093717093717,0.9775775091671607,54,0.9001960784313725
0.2,15,0.47191738904706687,0.8763601263601264,0.9863412050150407,65,0.903921568627451
0.25,15,0.5512886330830735,0.8734643734643734,0.9930518960103638,85,0.8923529411764706
0.3,15,0.6438345020969972,0.8696033696033696,0.9992122828974814,186,0.888235294117647
0.35,15,0.472215192750195,0.8747806247806249,0.9933689041125968,84,0.8892156862745098
0.4,15,0.47418338094918144,0.8704808704808704,0.9925139428671804,84,0.9001960784313726
0.45,15,0.5525969103077389,0.8671463671463672,0.988521836506159,76,0.8909803921568628
0.5,15,0.5662086015653531,0.8713583713583714,0.991778374283644,80,0.8823529411764706
0.55,15,0.55789043283127,0.872937872937873,0.9925894209867598,85,0.8966666666666667
0.6,15,0.49141210135047797,0.8742541242541242,0.9936131787541445,82,0.8943137254901959
0.65,15,0.5050434363598855,0.8715338715338715,0.9931561930483279,81,0.904313725490196
0.7,15,0.6015868155495417,0.8743418743418744,0.9816313703532925,54,0.8788235294117647
0.75,15,0.4908906483887047,0.8829413829413829,0.9939027402674396,82,0.8896078431372549
0.8,15,0.5160149871217494,0.8722358722358723,0.9693284368618668,45,0.8805882352941176
0.85,15,0.6772003463956694,0.8655668655668655,0.9991807193202028,189,0.8909803921568626
0.9,15,0.47170744500807577,0.8772376272376273,0.9943254177370837,84,0.8962745098039215
0.95,15,0.5103783319328005,0.8715338715338715,0.9729596205783546,45,0.8798039215686274
0,20,0.5065199128839354,0.869076869076869,0.9979332718529741,107,0.8854901960784314
0.05,20,0.6017532412530175,0.8646893646893646,0.9841619458533695,54,0.880392156862745
0.1,20,0.6013306813770967,0.8703053703053704,0.9794699514744307,54,0.8815686274509803
0.15,20,0.5116334174889208,0.8702176202176203,0.9903785982478099,68,0.8872549019607843
0.2,20,0.5285310858231507,0.8699543699543699,0.9955207166853304,96,0.8903921568627451
0.25,20,0.5039242544513665,0.8744296244296244,0.97331093691676,45,0.8882352941176471
0.3,20,0.4968690186837651,0.8732011232011232,0.9733205432228882,45,0.8864705882352941
0.35,20,0.6585029556064417,0.8780273780273781,0.9981912697889906,126,0.8988235294117647
0.4,20,0.5312584218451913,0.8713583713583714,0.9899243572008871,70,0.8852941176470589
0.45,20,0.5235850943733524,0.8673218673218673,0.9773071602661222,45,0.8823529411764706
0.5,20,0.491390011119132,0.8760968760968761,0.9931534483894342,82,0.8862745098039214
0.55,20,0.5929659685946458,0.8725868725868726,0.9841097973343873,54,0.8843137254901959
0.6,20,0.5274359148168406,0.8644261144261144,0.9724463693652152,45,0.8935294117647058
0.65,20,0.49278520106874557,0.863109863109863,0.9911882726214787,72,0.8813725490196079
0.7,20,0.5247368675638113,0.8767111267111267,0.9925249215027557,70,0.8821568627450981
0.75,20,0.5468199883914546,0.8662688662688662,0.9961917857848627,97,0.894313725490196
0.8,20,0.5232600920543765,0.8588978588978589,0.977335979184507,51,0.884705882352941
0.85,20,0.47572402300818867,0.8808353808353808,0.9945930219792285,77,0.8870588235294117
0.9,20,0.549174894288873,0.873990873990874,0.9931712886722438,76,0.886078431372549
0.95,20,0.6163712883775203,0.8653913653913654,0.9797650023055136,54,0.8874509803921569
0,25,0.535303798436329,0.8608283608283608,0.9941744614979251,82,0.8970588235294118
0.05,25,0.5026682794390135,0.8593366093366093,0.9784489383659399,51,0.887843137254902
0.1,25,0.4911689218010334,0.8624956124956126,0.9885273258239465,66,0.8835294117647059
0.15,25,0.5276724206197341,0.8552123552123552,0.9715461212480512,45,0.8833333333333334
0.2,25,0.6116685787129481,0.8649526149526149,0.976979173528314,54,0.9017647058823529
0.25,25,0.5099031130801763,0.8618813618813619,0.9917756296247503,72,0.8896078431372549
0.3,25,0.622358967075186,0.860916110916111,0.9938135388533913,90,0.8952941176470589
0.35,25,0.7185255237762501,0.8676728676728677,0.9994894934457546,189,0.8935294117647059
0.4,25,0.5937563332895569,0.8677606177606179,0.9921653711876687,68,0.8715686274509803
0.45,25,0.7031743841258106,0.868023868023868,0.9993152076059988,186,0.8713725490196078
0.5,25,0.5135584169665709,0.8728501228501229,0.986680170388424,62,0.8864705882352941
0.55,25,0.7539287729571197,0.8573183573183573,0.999471653162945,189,0.8819607843137254
0.6,25,0.5115854514651741,0.8676728676728677,0.9964484113914323,87,0.882156862745098
0.65,25,0.48430195736964016,0.861003861003861,0.9760089366093583,48,0.8864705882352941
0.7,25,0.570444785823293,0.8695156195156195,0.992188700788266,68,0.8829411764705881
0.75,25,0.5220296064157359,0.8671463671463671,0.974463693652153,45,0.8672549019607843
0.8,25,0.49952272098782835,0.8674973674973675,0.9948016160551567,84,0.8941176470588235
0.85,25,0.5142280687362153,0.8632853632853633,0.974821871637793,46,0.8854901960784314
0.9,25,0.6261010336634142,0.8752193752193752,0.9821061963419186,54,0.875686274509804
0.95,25,0.5040859405370738,0.865128115128115,0.9803057001075907,51,0.892549019607843
0,30,0.614789773198153,0.8606528606528607,0.9987278506027271,141,0.8890196078431373
0.05,30,0.6832992846010536,0.8625833625833625,0.9994455789034539,190,0.886078431372549
0.1,30,0.5523204313504775,0.8727623727623728,0.9985796390224624,132,0.886078431372549
0.15,30,0.5038715376956573,0.8617936117936118,0.9942293546758009,84,0.8947058823529412
0.2,30,0.526758517033809,0.878027378027378,0.9890350877192983,68,0.8937254901960783
0.25,30,0.6516705103563947,0.8697788697788698,0.9989048811013768,141,0.8894117647058822
0.3,30,0.661161502958923,0.8643383643383643,0.9993577498188525,189,0.8796078431372549
0.35,30,0.6332621368153996,0.857932607932608,0.9755944931163956,54,0.8896078431372549
0.4,30,0.5037441931615602,0.8659178659178659,0.9759540434314823,51,0.8866666666666666
0.45,30,0.5037967223205314,0.8636363636363636,0.9936282743780603,84,0.8952941176470589
0.5,30,0.488604990753117,0.8635486135486136,0.9837186834420218,60,0.8880392156862745
0.55,30,0.5464664610065767,0.8714461214461213,0.9689894714884834,45,0.8811764705882352
0.6,30,0.5082177953017468,0.8624078624078624,0.9791899962672639,51,0.893921568627451
0.65,30,0.5093345950228094,0.8662688662688662,0.9865264694903717,62,0.8941176470588235
0.7,30,0.6232079708615675,0.862056862056862,0.9984163318182816,117,0.8849019607843137
0.75,30,0.6230097501877917,0.8588978588978589,0.9778917726105001,54,0.8766666666666667
0.8,30,0.5105949647181871,0.8633731133731134,0.9759609050787168,51,0.8882352941176471
0.85,30,0.526656948276703,0.8566163566163567,0.9744595766638121,51,0.8998039215686274
0.9,30,0.4870747298199609,0.8817128817128816,0.984417199130492,62,0.8854901960784314
0.95,30,0.6296465418344697,0.8555633555633555,0.9792888039874404,54,0.8933333333333333
0,35,0.7021974020125653,0.8741663741663741,0.9994675361746042,177,0.8843137254901962
0.05,35,0.7125281723129828,0.8585468585468585,0.9994771424807324,194,0.8907843137254902
0.1,35,0.7380313510506951,0.8680238680238681,0.9985823836813561,126,0.8896078431372548
0.15,35,0.617860902890267,0.8608283608283608,0.998887040818567,132,0.8921568627450981
0.2,35,0.5744093909908999,0.8615303615303614,0.9680796170651912,45,0.893921568627451
0.25,35,0.571457169629288,0.8611793611793612,0.988256976922908,71,0.8896078431372548
0.3,35,0.6525043901919529,0.8722358722358723,0.9993728454427684,189,0.8823529411764705
0.35,35,0.4863663157386496,0.8635486135486136,0.9846052082647169,61,0.8858823529411765
0.4,35,0.5046253806313142,0.863022113022113,0.9917605340008343,72,0.8954901960784315
0.45,35,0.6307617012929443,0.8717971217971218,0.9992507081219947,141,0.8752941176470588
0.5,35,0.5476587924440175,0.8555633555633555,0.972715345936807,45,0.8968627450980392
0.55,35,0.6498027181141819,0.8610038610038611,0.9981157916694113,128,0.8772549019607842
0.6,35,0.619124993632566,0.8662688662688662,0.9992342401686319,139,0.8843137254901959
0.65,35,0.6448874951938525,0.8679361179361179,0.9787467338559165,54,0.876078431372549
0.7,35,0.49474650177339846,0.8694278694278694,0.9771081724963221,51,0.8876470588235293
0.75,35,0.517859623329529,0.8597753597753598,0.975296697626419,46,0.8880392156862744
0.8,35,0.5130579974378972,0.8609161109161109,0.9782101530421798,51,0.8986274509803922
0.85,35,0.6939839495975055,0.8631098631098633,0.999191697955778,141,0.8792156862745097
0.9,35,0.6480513027073532,0.8642506142506142,0.9994689085040511,169,0.8764705882352941
0.95,35,0.4971787803220433,0.8667953667953668,0.9817905605691325,51,0.8839215686274509
0,40,0.5804286028030298,0.8574938574938574,0.9896251893814637,80,0.8890196078431372
0.05,40,0.6595128621190589,0.8595998595998595,0.9984822036317327,128,0.8796078431372549
0.1,40,0.5950073316841331,0.8656546156546157,0.9877739169576005,68,0.8888235294117647
0.15,40,0.5215772023757562,0.8584591084591084,0.9782238763366489,51,0.8876470588235296
0.2,40,0.6691432465854662,0.8613548613548614,0.9970453747008321,128,0.8884313725490197
0.25,40,0.5194127679068521,0.8548613548613548,0.9857003271633401,68,0.897843137254902
0.3,40,0.6403011685323636,0.8553001053001053,0.9988417539468195,132,0.8903921568627452
0.35,40,0.5483312104020687,0.8595998595998595,0.9951076455218146,94,0.8923529411764706
0.4,40,0.5538082477568791,0.8574938574938575,0.9962137430560131,94,0.8972549019607843
0.45,40,0.650358200221267,0.863987363987364,0.9989721252442747,147,0.8788235294117647
0.5,40,0.6287295818328857,0.8567918567918568,0.9779329424939068,54,0.8870588235294119
0.55,40,0.7074329544179487,0.8580203580203579,0.9993344202182554,189,0.8888235294117647
0.6,40,0.6401925090429009,0.8624078624078624,0.9992246338625035,189,0.8905882352941177
0.65,40,0.7224276431200914,0.8652158652158652,0.9992946226642954,156,0.8813725490196078
0.7,40,0.5492611319221408,0.8575816075816076,0.9943240454076367,87,0.8794117647058824
0.75,40,0.519175507819021,0.8645138645138646,0.9929640669257624,82,0.8876470588235293
0.8,40,0.538779349417876,0.8603896103896105,0.9957842039391345,94,0.8876470588235293
0.85,40,0.5273837330720282,0.8604773604773605,0.9935555409173749,84,0.8880392156862744
0.9,40,0.7120977783489306,0.8555633555633556,0.9992246338625037,163,0.8780392156862745
0.95,40,0.6404120652683524,0.8624956124956125,0.998822541334563,144,0.8847058823529411
0,45,0.592948814767678,0.8607406107406107,0.9889239290340996,70,0.89078431372549
0.05,45,0.5022849814583924,0.863022113022113,0.9829048920800123,58,0.891764705882353
0.1,45,0.5065658993476274,0.8525798525798527,0.977666710581209,57,0.8998039215686274
0.15,45,0.5422722880808722,0.8613548613548614,0.9949786465538063,94,0.892156862745098
0.2,45,0.7050065568691453,0.8667953667953668,0.9991052412006236,163,0.8941176470588236
0.25,45,0.572863588960755,0.8625833625833625,0.9877643106514724,68,0.8835294117647059
0.3,45,0.6774259031263014,0.8603018603018604,0.9943309070548713,90,0.8762745098039216
0.35,45,0.6442394733725004,0.8681116181116182,0.9954960147552864,90,0.8870588235294118
0.4,45,0.6273683593269216,0.8592488592488593,0.9772001185692643,54,0.8901960784313725
0.45,45,0.551336988017259,0.8588101088101088,0.9892601497485892,68,0.8894117647058823
0.5,45,0.48431517277529695,0.8690768690768691,0.9944338317633885,89,0.8896078431372548
0.55,45,0.506887745926317,0.8601263601263601,0.9873773137474475,66,0.8849019607843137
0.6,45,0.5982298598877641,0.8717971217971218,0.9806062402564609,54,0.8933333333333333
0.65,45,0.590185959854268,0.8696033696033696,0.9985919899874844,129,0.8754901960784314
0.7,45,0.6480247863870583,0.8662688662688662,0.9933510638297872,90,0.884705882352941
0.75,45,0.5875338463001694,0.8717971217971219,0.9919869683595722,80,0.8884313725490195
0.8,45,0.5762076267836899,0.8610038610038611,0.9897294864194279,70,0.8727450980392156
0.85,45,0.6365447129240099,0.8666198666198667,0.997962090771359,128,0.8888235294117647
0.9,45,0.5567051423898596,0.857932607932608,0.9904787782974331,70,0.8911764705882353
0.95,45,0.49461945180861366,0.8618813618813619,0.9920967547153239,72,0.8819607843137254
0,50,0.5411999634164848,0.8540716040716041,0.9690567156313814,45,0.8794117647058822
0.05,50,0.5864776599634167,0.8556511056511057,0.9884298904332169,68,0.8801960784313726
0.1,50,0.7712006199586865,0.8566163566163566,0.9994236216323036,190,0.8727450980392157
0.15,50,0.5200406840897553,0.8595121095121094,0.9730748962518938,46,0.8827450980392155
0.2,50,0.5160654396904225,0.8583713583713584,0.9648601321827723,41,0.891764705882353
0.25,50,0.5836268009876968,0.8604773604773605,0.9886618141097424,71,0.8831372549019608
0.3,50,0.5330055920740232,0.8681993681993683,0.9918346397909668,76,0.8898039215686275
0.35,50,0.7286295418115641,0.8518778518778519,0.9989295830314209,141,0.8841176470588235
0.4,50,0.513475686163697,0.8575816075816076,0.9747024789759129,51,0.8896078431372549
0.45,50,0.5237076298290531,0.8572306072306072,0.9777957095492172,51,0.8935294117647058
0.5,50,0.5183816154962344,0.8609161109161109,0.973879081307775,51,0.8923529411764706
0.55,50,0.5477020076864603,0.8578448578448579,0.9963880288957688,105,0.8833333333333333
0.6,50,0.5638416494606742,0.8557388557388559,0.9687877390597895,45,0.8901960784313725
0.65,50,0.5806894633203548,0.8617936117936118,0.9698224754627495,45,0.8886274509803922
0.7,50,0.5315003851490305,0.8617058617058617,0.9730721515930001,55,0.8872549019607844
0.75,50,0.5845584354505239,0.8664443664443664,0.9986647234481699,132,0.8907843137254902
0.8,50,0.6385012360918798,0.8643383643383643,0.9908808708253738,80,0.8835294117647059
0.85,50,0.5106035450239055,0.861969111969112,0.9750510506554245,51,0.8905882352941177
0.9,50,0.5433004466409714,0.8490698490698491,0.9933044046285927,82,0.8903921568627451
0.95,50,0.5666488437660483,0.8606528606528606,0.9683485936367828,45,0.8854901960784314
0,55,0.48266093926319226,0.865128115128115,0.9789443492962695,58,0.8941176470588235
0.05,55,0.5465180300521535,0.8508248508248509,0.9942760138769954,87,0.898235294117647
0.1,55,0.7759329016931009,0.853983853983854,0.9989117427486113,163,0.8870588235294118
0.15,55,0.4960990409977389,0.8592488592488592,0.9742262806578398,52,0.9003921568627451
0.2,55,0.6499596882537501,0.8646893646893647,0.9977082098236831,128,0.8843137254901962
0.25,55,0.5012273382370835,0.8604773604773605,0.98685445622818,66,0.892156862745098
0.3,55,0.48839324998934536,0.85995085995086,0.9913364842017435,77,0.8925490196078432
0.35,55,0.5194049810632965,0.8525798525798526,0.9737967415409614,51,0.8964705882352941
0.4,55,0.6845515034229352,0.857932607932608,0.9987484355444305,141,0.8762745098039216
0.45,55,0.5634908803942188,0.8586346086346086,0.9975476472783962,101,0.8947058823529411
0.5,55,0.5671472369094953,0.8549491049491049,0.9686848143512724,45,0.8874509803921569
0.55,55,0.6461108872876656,0.8545981045981046,0.9796058120896735,54,0.8868627450980392
0.6,55,0.8489797965851643,0.8536328536328537,0.9988939024658015,158,0.8715686274509803
0.65,55,0.49985162430251673,0.8642506142506142,0.9743635136025295,51,0.8796078431372549
0.7,55,0.5725909532202,0.8545103545103545,0.9927609621676219,78,0.8776470588235293
0.75,55,0.506357949547815,0.8563531063531062,0.9791364754188351,60,0.8964705882352941
0.8,55,0.5988944079110164,0.8687258687258687,0.999352260501065,151,0.9027450980392157
0.85,55,0.5336296011675272,0.8628466128466128,0.9968189403420943,107,0.8837254901960784
0.9,55,0.5274234890740439,0.8588978588978589,0.9928858441472893,84,0.8884313725490196
0.95,55,0.6895188482490596,0.8652158652158652,0.9993989197022594,190,0.8884313725490196
0,60,0.5012353914265602,0.8543348543348543,0.985635827679336,66,0.902156862745098
0.05,60,0.5849239133446422,0.8487188487188487,0.9687685264475332,45,0.8947058823529411
0.1,60,0.5461889539432052,0.8623201123201123,0.9721787651230706,45,0.8964705882352941
0.15,60,0.49642838157762753,0.8633731133731133,0.9820540478229366,61,0.895294117647059
0.2,60,0.7617510039581369,0.863109863109863,0.9993014843115298,177,0.8907843137254902
0.25,60,0.6870415237368337,0.8594243594243595,0.9992218892036098,186,0.8901960784313726
0.3,60,0.5470345653840248,0.8583713583713585,0.9943240454076366,82,0.8849019607843136
0.35,60,0.6673679474790563,0.8513513513513513,0.991090837230749,80,0.8858823529411765
0.4,60,0.6923274315202868,0.8667076167076166,0.9993426541949366,190,0.8874509803921569
0.45,60,0.5995985619131697,0.8613548613548614,0.9800257449004237,54,0.886470588235294
0.5,60,0.5694010574247269,0.8546858546858548,0.9689963331357178,45,0.8878431372549019
0.55,60,0.6592290047556162,0.859073359073359,0.9760034472915706,54,0.8821568627450981
0.6,60,0.6922743066355882,0.8578448578448579,0.9994167599850691,190,0.8913725490196078
0.65,60,0.7690312752734549,0.8645138645138646,0.9989460509847836,163,0.8823529411764707
0.7,60,0.5033490055838957,0.8608283608283608,0.9813280855455284,59,0.8833333333333333
0.75,60,0.6192827112972736,0.8636363636363636,0.998225578025163,128,0.8786274509803921
0.8,60,0.532429858992826,0.8669708669708669,0.995155677052456,94,0.8731372549019607
0.85,60,0.5297607385756954,0.8590733590733591,0.993696890850405,84,0.882549019607843
0.9,60,0.554892541359592,0.8638118638118638,0.9902194080319698,68,0.8847058823529411
0.95,60,0.7410857122860207,0.851000351000351,0.9988184243462223,141,0.8935294117647058
0,65,0.5671419641188044,0.8691646191646192,0.9933428298531058,82,0.8809803921568627
0.05,65,0.5161881336806625,0.8555633555633555,0.9854464462156644,66,0.8874509803921569
0.1,65,0.5151325347802497,0.8655668655668656,0.9952146872186725,87,0.8825490196078432
0.15,65,0.5472625843341777,0.8574938574938575,0.9764000505017237,51,0.8894117647058823
0.2,65,0.7261897934637717,0.8571428571428571,0.9984671080078169,126,0.8825490196078432
0.25,65,0.49009707915467143,0.8652158652158652,0.9875639505522253,66,0.8876470588235295
0.3,65,0.49312096740433714,0.8625833625833625,0.978328173374613,59,0.8909803921568628
0.35,65,0.5298154199656272,0.8525798525798526,0.9856687635860616,68,0.8849019607843137
0.4,65,0.5666306276885879,0.8588101088101088,0.9703274926992074,45,0.8801960784313725
0.45,65,0.6712491224143678,0.8597753597753598,0.9980526645148541,128,0.8792156862745097
0.5,65,0.5119524027239408,0.8623201123201123,0.9789429769668225,51,0.8876470588235295
0.55,65,0.6707863212618607,0.8566163566163566,0.9893150429264651,80,0.8901960784313726
0.6,65,0.48975188635437694,0.8646016146016147,0.9915327273126495,72,0.8778431372549019
0.65,65,0.8014557500746077,0.8613548613548614,0.9994359725973256,177,0.87
0.7,65,0.48649866237545647,0.8694278694278694,0.9770999385196407,51,0.8888235294117647
0.75,65,0.666171359268344,0.8618813618813619,0.9945751816964189,90,0.8852941176470589
0.8,65,0.5549889824643041,0.8605651105651106,0.9729747162022704,45,0.8903921568627451
0.85,65,0.6861757678504021,0.8626711126711127,0.9994181323145159,189,0.8856862745098039
0.9,65,0.6252444344418531,0.8698666198666198,0.994984135871594,90,0.8876470588235296
0.95,65,0.5030372452656955,0.8502106002106002,0.9749549875941418,49,0.8929411764705882
0,70,0.5730468610807365,0.8548613548613547,0.9695864347978834,45,0.8899999999999999
0.05,70,0.5802637551300573,0.8554756054756054,0.9656272643435875,45,0.9027450980392157
0.1,70,0.5120754089477836,0.85995085995086,0.9932453944623763,84,0.897843137254902
0.15,70,0.563956908190882,0.8622323622323623,0.9688014623542587,45,0.876078431372549
0.2,70,0.6477689744028824,0.8659178659178659,0.9993865687372373,190,0.8866666666666666
0.25,70,0.8069451584770585,0.8544226044226044,0.9982873328502734,126,0.888235294117647
0.3,70,0.5812119443388964,0.8683748683748684,0.9990270184221506,162,0.9005882352941176
0.35,70,0.5804822301825151,0.8606528606528606,0.9669941044726961,45,0.8941176470588236
0.4,70,0.5398687855494733,0.8599508599508601,0.9965828996772281,94,0.8862745098039215
0.45,70,0.5642932741008452,0.8544226044226044,0.9969259820389522,103,0.8950980392156862
0.5,70,0.5138326681015507,0.8618813618813619,0.9776571042750807,51,0.8835294117647059
0.55,70,0.5442417553619833,0.8567918567918568,0.9960024043211909,92,0.8976470588235294
0.6,70,0.5682120700150926,0.8602141102141103,0.9962851041872516,94,0.8707843137254903
0.65,70,0.5391061108633383,0.8602141102141102,0.9862821948488242,68,0.8841176470588235
0.7,70,0.57512398853602,0.8523166023166023,0.9694684144654503,45,0.8917647058823529
0.75,70,0.5288060562598784,0.8602141102141102,0.9792695913751839,51,0.8837254901960783
0.8,70,0.5186127512068148,0.8574938574938574,0.9600267878708034,38,0.8813725490196078
0.85,70,0.5638700182864208,0.8510003510003511,0.9940783984366423,87,0.8796078431372548
0.9,70,0.5491312642069842,0.8523166023166023,0.9948798388336298,87,0.8931372549019607
0.95,70,0.6417761243115,0.8645138645138646,0.9977425180598556,128,0.8909803921568628
0,75,0.6331535514616808,0.8567918567918567,0.9926278462112729,80,0.892156862745098
0.05,75,0.5633679396713411,0.861003861003861,0.9867254572601717,68,0.8962745098039215
0.1,75,0.6092769098005547,0.8583713583713584,0.9987168719671519,132,0.9005882352941177
0.15,75,0.4897131316906569,0.8686381186381186,0.9748452012383901,51,0.9
0.2,75,0.6515115453855486,0.8563531063531064,0.9985919899874843,141,0.8870588235294117
0.25,75,0.5243972116057446,0.8520533520533521,0.972265221878225,51,0.8923529411764705
0.3,75,0.5040975451370738,0.8636363636363636,0.9731490020420261,51,0.8937254901960784
0.35,75,0.6148708043805021,0.8648648648648649,0.978870243506137,54,0.8876470588235293
0.4,75,0.5231290176905543,0.8536328536328537,0.9791254967832599,58,0.8858823529411765
0.45,75,0.4855121190086106,0.865128115128115,0.9834579408471116,65,0.892156862745098
0.5,75,0.5339697835510535,0.8653036153036152,0.9728580681992841,45,0.8841176470588236
0.55,75,0.5762277566241902,0.8555633555633556,0.9726755483828471,45,0.8911764705882352
0.6,75,0.6157345556413496,0.8623201123201123,0.989726741760534,80,0.8913725490196078
0.65,75,0.6132627256362644,0.8567918567918568,0.9957663636563249,103,0.8890196078431373
0.7,75,0.6637160167443437,0.8618813618813619,0.997763103001559,128,0.8917647058823528
0.75,75,0.5902106984216251,0.8538083538083537,0.9679245438376919,45,0.8833333333333333
0.8,75,0.5532897987359802,0.8604773604773605,0.989131150780581,70,0.8854901960784314
0.85,75,0.621756514312317,0.8649526149526149,0.9911059328546648,80,0.874313725490196
0.9,75,0.560033665291521,0.8524043524043524,0.9957595020090902,94,0.8829411764705882
0.95,75,0.5895510901826502,0.8575816075816076,0.9906516918077422,80,0.8927450980392156
0,80,0.6881575766482101,0.8574938574938575,0.9969355883450806,128,0.893921568627451
0.05,80,0.6783647887063342,0.8555633555633556,0.9990352523988318,189,0.8831372549019607
0.1,80,0.520167454633097,0.8554756054756055,0.9740863030542565,51,0.8929411764705882
0.15,80,0.5144457891583443,0.8574938574938575,0.9887125902992777,70,0.8923529411764706
0.2,80,0.5698568484443702,0.8575816075816076,0.9677955448696836,45,0.8870588235294118
0.25,80,0.6805854870980939,0.8594243594243595,0.9990942625650485,192,0.8964705882352941
0.3,80,0.5081837053429212,0.8611793611793612,0.9667868827262148,46,0.8884313725490196
0.35,80,0.5298974165162503,0.858897858897859,0.9909412533210373,71,0.8886274509803922
0.4,80,0.7254798805082081,0.8533696033696033,0.9992740377225918,190,0.8809803921568629
0.45,80,0.5670623712685724,0.8581958581958582,0.9969630349340185,105,0.8992156862745098
0.5,80,0.5520516466719425,0.8581081081081081,0.9890927255560678,71,0.8933333333333333
0.55,80,0.7363106862253306,0.8509126009126008,0.9994689085040512,194,0.884313725490196
0.6,80,0.5541650206344018,0.8595998595998595,0.9966172079134005,94,0.8898039215686274
0.65,80,0.5585944934791287,0.8545103545103545,0.9718768526447534,45,0.8952941176470588
0.7,80,0.6866510318752551,0.8538083538083538,0.9984273104538568,141,0.8841176470588235
0.75,80,0.5994451882576706,0.8549491049491048,0.9672754320093099,45,0.894313725490196
0.8,80,0.7101351190728462,0.8534573534573535,0.9993056012998704,190,0.9049019607843136
0.85,80,0.49587403948338615,0.8517023517023516,0.9612714906791385,38,0.8847058823529412
0.9,80,0.6953437263454427,0.8579326079326078,0.9987251059438332,141,0.8862745098039215
0.95,80,0.5601115182831587,0.8569673569673569,0.966785510396768,45,0.8850980392156862
0,85,0.718793637828519,0.860916110916111,0.9993810794194498,177,0.8749019607843137
0.05,85,0.747857163111303,0.8545981045981047,0.9992973673231891,172,0.8784313725490196
0.1,85,0.6437791671776614,0.8681993681993683,0.9937888369233472,90,0.8784313725490195
0.15,85,0.509517602869217,0.8593366093366093,0.988015446940254,68,0.894313725490196
0.2,85,0.5238721967730301,0.8616181116181116,0.9715227916474541,51,0.8817647058823529
0.25,85,0.5703404377529163,0.8640751140751141,0.9927733131326438,76,0.8745098039215686
0.3,85,0.603251205868279,0.8592488592488593,0.9944077575038974,85,0.8845098039215686
0.35,85,0.6812603258040567,0.8553878553878553,0.9990668159761105,189,0.8923529411764706
0.4,85,0.49009719994289197,0.8685503685503686,0.9942073974046506,87,0.8999999999999999
0.45,85,0.5556340670052743,0.8697788697788698,0.9991079858595173,133,0.8868627450980393
0.5,85,0.7064461789482477,0.8584591084591084,0.9984190764771754,126,0.8866666666666666
0.55,85,0.5867273143141081,0.8634608634608635,0.9920734251147268,76,0.8839215686274509
0.6,85,0.6544810855477456,0.866005616005616,0.963340963485058,37,0.8735294117647058
0.65,85,0.5793242855675963,0.8573183573183573,0.9683925081790835,45,0.8796078431372549
0.7,85,0.4939881978149446,0.865128115128115,0.9668266802801748,41,0.8794117647058823
0.75,85,0.5229563542351817,0.8541593541593542,0.9796016951013328,58,0.8901960784313726
0.8,85,0.7200612575802582,0.8585468585468585,0.9993028566409767,189,0.8905882352941177
0.85,85,0.5202938456409025,0.8611793611793611,0.974768350789364,51,0.8813725490196077
0.9,85,0.5396244354694095,0.8573183573183574,0.9938245174889665,82,0.8929411764705881
0.95,85,0.549864265130253,0.8603896103896104,0.9951378367696464,98,0.8894117647058822
0,90,0.5730402212565309,0.864952614952615,0.9973321915552336,97,0.8866666666666667
0.05,90,0.7020726292486618,0.861003861003861,0.9982214610368223,126,0.8854901960784314
0.1,90,0.6833745133723842,0.8552123552123552,0.9986345322003382,141,0.8937254901960784
0.15,90,0.5667108669877052,0.8641628641628643,0.9977878049316031,119,0.8972549019607843
0.2,90,0.6072685953402361,0.8571428571428572,0.9972841600245923,117,0.8888235294117647
0.25,90,0.5210924996248144,0.8595998595998595,0.9875913971411632,62,0.8829411764705882
0.3,90,0.5504595810510465,0.8530186030186031,0.970755659486639,45,0.8954901960784314
0.35,90,0.6031212814843023,0.8581081081081081,0.966586522626968,45,0.8900000000000001
0.4,90,0.6879198385636933,0.8610916110916111,0.9974845201238389,128,0.8641176470588237
0.45,90,0.5092741449345026,0.8615303615303614,0.9684693586281097,41,0.8772549019607843
0.5,90,0.561606670624965,0.8577571077571078,0.9712469534286279,45,0.8874509803921568
0.55,90,0.5013215593648273,0.8673218673218672,0.993076597940408,84,0.8962745098039215
0.6,90,0.5455856386399427,0.8521411021411021,0.9758881716180313,51,0.8884313725490196
0.65,90,0.5762053405409617,0.8564408564408564,0.9697030828008695,45,0.8809803921568627
0.7,90,0.601372770274317,0.8648648648648649,0.9924727729837737,80,0.8919607843137255
0.75,90,0.6753789945721429,0.8646893646893647,0.9993399095360428,177,0.8709803921568627
0.8,90,0.6795856689429836,0.8592488592488593,0.9977027205058955,128,0.8950980392156862
0.85,90,0.5080482264030848,0.8662688662688662,0.9908822431548208,68,0.8874509803921569
0.9,90,0.5243946997732516,0.8603896103896104,0.9785820543222888,58,0.8868627450980393
0.95,90,0.6103106989272383,0.8578448578448579,0.9967791427881344,103,0.8896078431372549
0,95,0.5627447253968937,0.8556511056511057,0.9703220033814197,45,0.8907843137254902
0.05,95,0.6362788403616441,0.8538083538083537,0.9987415738971961,139,0.894313725490196
0.1,95,0.6070644334452042,0.8576693576693577,0.9941168236611554,85,0.8994117647058822
0.15,95,0.5186769551788735,0.8631098631098632,0.9932947983224645,87,0.9023529411764706
0.2,95,0.553390880836951,0.8585468585468585,0.9932399051445887,83,0.8780392156862745
0.25,95,0.6172827471615068,0.853018603018603,0.9665714270030521,45,0.8831372549019608
0.3,95,0.553910512896563,0.8534573534573534,0.9950102101310849,94,0.8976470588235295
0.35,95,0.5591092836728554,0.8558266058266059,0.9714596644928969,45,0.8833333333333333
0.4,95,0.5352202888257456,0.8601263601263601,0.9959831917089343,94,0.8923529411764706
0.45,95,0.6646578170803209,0.8617058617058616,0.9985137672090113,141,0.8811764705882352
0.5,95,0.5057801500160173,0.8610038610038611,0.9926251015523789,84,0.8837254901960785
0.55,95,0.6122295277205524,0.8606528606528607,0.9986153195880816,130,0.8907843137254902
0.6,95,0.5273660168249086,0.8551246051246052,0.9775555518960104,51,0.8888235294117647
0.65,95,0.5743158584497622,0.8598631098631099,0.9684817095931317,45,0.8874509803921569
0.7,95,0.5686159063105947,0.8569673569673569,0.9697346463781481,45,0.8864705882352942
0.75,95,0.6348854183459913,0.8715338715338715,0.9987621588388995,141,0.8784313725490196
0.8,95,0.7337195139674358,0.862056862056862,0.9972951386601674,128,0.8843137254901962
0.85,95,0.538622690845799,0.8553878553878553,0.9827017873218716,60,0.8901960784313726
0.9,95,0.6974934453995812,0.8597753597753598,0.9992767823814855,189,0.8862745098039215
0.95,95,0.7428668365375886,0.8595998595998596,0.9988897854774608,144,0.8829411764705882
0,100,0.7486297653876985,0.8636363636363636,0.9989282107019739,163,0.8843137254901962
0.05,100,0.5804774220416088,0.853983853983854,0.9959049689304613,103,0.8982352941176471
0.1,100,0.5639159223249811,0.8594243594243595,0.9706980216498694,45,0.8827450980392156
0.15,100,0.5842265312541399,0.8583713583713584,0.9985165118679051,130,0.8815686274509804
0.2,100,0.507541830571282,0.8660933660933661,0.9881073930131964,66,0.8747058823529411
0.25,100,0.5482593141249473,0.8563531063531064,0.9726508464528029,45,0.8872549019607843
0.3,100,0.5244836086370298,0.8650403650403651,0.9942581735941858,83,0.8894117647058823
0.35,100,0.6728013112450277,0.8657423657423657,0.9993893133961312,190,0.8880392156862745
0.4,100,0.8001888590611962,0.8569673569673568,0.9989625189381464,186,0.867450980392157
0.45,100,0.5939429651896487,0.8689013689013689,0.9925976549634411,80,0.874313725490196
0.5,100,0.6049389499455493,0.861003861003861,0.9900862920756208,68,0.8815686274509803
0.55,100,0.5753169991075993,0.8574938574938574,0.9722954131260566,45,0.8829411764705881
0.6,100,0.8285307832962728,0.8522288522288521,0.9980156116197879,144,0.8823529411764706
0.65,100,0.5427343229584346,0.8584591084591084,0.995867916035395,94,0.8872549019607843
0.7,100,0.5998666384411568,0.8572306072306072,0.9792956656346751,54,0.8935294117647058
0.75,100,0.7010894690251706,0.8588101088101088,0.9984506400544539,144,0.8884313725490196
0.8,100,0.5724696972166861,0.8593366093366093,0.9703343543464419,45,0.8760784313725489
0.85,100,0.5085641171363805,0.8648648648648648,0.993419680302132,82,0.8972549019607843
0.9,100,0.5705950734581774,0.8532818532818532,0.9899806227082099,78,0.8850980392156862
0.95,100,0.6514895012269154,0.8625833625833625,0.9942938541598051,90,0.8835294117647059
0,105,0.5300465067293471,0.8533696033696033,0.9770272050589554,51,0.8905882352941177
0.05,105,0.5666941901212497,0.8683748683748683,0.9983038008036361,143,0.888235294117647
0.1,105,0.6065874809756974,0.8601263601263602,0.9980114946314472,132,0.8954901960784314
0.15,105,0.5677722532129446,0.871095121095121,0.9986537448125947,139,0.8878431372549019
0.2,105,0.589579437150071,0.8556511056511057,0.9708174143117494,45,0.8880392156862744
0.25,105,0.5093166667301923,0.8559143559143559,0.9808724721691588,55,0.8847058823529411
0.3,105,0.6921316302621996,0.858020358020358,0.9949168917286959,90,0.8768627450980392
0.35,105,0.6445691892815544,0.8523166023166023,0.9947055529938739,90,0.8815686274509803
0.4,105,0.7092352759167059,0.8585468585468585,0.9994743978218387,193,0.8992156862745098
0.45,105,0.7120258387005487,0.8543348543348543,0.9988060733812002,147,0.8905882352941176
0.5,105,0.6771125182608105,0.8553001053001054,0.9987786267922624,141,0.8941176470588235
0.55,105,0.5361840279883896,0.8568796068796068,0.9937998155589224,83,0.8950980392156862
0.6,105,0.5588560228957641,0.8557388557388557,0.9688522385437939,45,0.8849019607843138
0.65,105,0.5285811683052029,0.8567918567918568,0.9863425773444877,62,0.883921568627451
0.7,105,0.6791360971844749,0.8604773604773605,0.9988842961596733,147,0.8896078431372548
0.75,105,0.7545401293241623,0.8606528606528607,0.9993440265243835,177,0.8845098039215686
0.8,105,0.6840775452850275,0.8652158652158652,0.999312462947105,186,0.8841176470588236
0.85,105,0.5687290246271535,0.8572306072306072,0.971391048020552,45,0.8839215686274509
0.9,105,0.6882068055206971,0.8634608634608635,0.9994483235623477,190,0.8892156862745098
0.95,105,0.517537371162942,0.8548613548613548,0.9764055398195113,51,0.8880392156862745
